Reading netlist file: "C:\Softs\Gowin\Projects\LED_fpga_project\impl\gwsynthesis\LED_fpga_project.vg"
Parsing netlist file "C:\Softs\Gowin\Projects\LED_fpga_project\impl\gwsynthesis\LED_fpga_project.vg" completed
Processing netlist completed
Reading constraint file: "C:\Softs\Gowin\Projects\LED_fpga_project\src\LED_fpga_project.cst"
Physical Constraint parsed completed
Running placement......
[10%] Placement Phase 0 completed
[20%] Placement Phase 1 completed
[30%] Placement Phase 2 completed
[50%] Placement Phase 3 completed
Running routing......
[60%] Routing Phase 0 completed
[70%] Routing Phase 1 completed
[80%] Routing Phase 2 completed
[90%] Routing Phase 3 completed
Running timing analysis......
[95%] Timing analysis completed
Placement and routing completed
Bitstream generation in progress......
Bitstream generation completed
Running power analysis......
[100%] Power analysis completed
Generate file "C:\Softs\Gowin\Projects\LED_fpga_project\impl\pnr\LED_fpga_project.power.html" completed
Generate file "C:\Softs\Gowin\Projects\LED_fpga_project\impl\pnr\LED_fpga_project.pin.html" completed
Generate file "C:\Softs\Gowin\Projects\LED_fpga_project\impl\pnr\LED_fpga_project.rpt.html" completed
Generate file "C:\Softs\Gowin\Projects\LED_fpga_project\impl\pnr\LED_fpga_project.rpt.txt" completed
Generate file "C:\Softs\Gowin\Projects\LED_fpga_project\impl\pnr\LED_fpga_project.tr.html" completed
Thu Jan 12 14:17:17 2023

